<?xml version="1.0" encoding="UTF-8"?>
<!-- Generated by org.testng.reporters.JUnitReportReporter -->
<testsuite hostname="DESKTOP-QJCSHIP" failures="0" tests="1" name="TestNg_Practice.TestNg_Groups1" time="0.010" errors="0" timestamp="2024-03-01T10:48:01 IST" skipped="0">
  <testcase classname="TestNg_Practice.TestNg_Groups1" name="WebLoginPersonalLoan" time="0.010"/>
  <system-out/>
</testsuite> <!-- TestNg_Practice.TestNg_Groups1 -->
