<?xml version="1.0" encoding="UTF-8"?>
<!-- Generated by org.testng.reporters.JUnitReportReporter -->
<testsuite hostname="DESKTOP-QJCSHIP" failures="0" tests="2" name="TestNg_Practice.ParallelInOneMethod" time="52.365" errors="0" timestamp="2024-02-29T11:49:34 IST" skipped="0">
  <testcase classname="TestNg_Practice.ParallelInOneMethod" name="test1" time="25.804"/>
  <system-out/>
  <testcase classname="TestNg_Practice.ParallelInOneMethod" name="test2" time="26.561"/>
  <system-out/>
</testsuite> <!-- TestNg_Practice.ParallelInOneMethod -->
