<?xml version="1.0" encoding="UTF-8"?>
<!-- Generated by org.testng.reporters.JUnitReportReporter -->
<testsuite hostname="DESKTOP-QJCSHIP" failures="0" tests="1" name="TestNg_Practice.Sample_ExtentReport" time="9.731" errors="0" timestamp="2024-02-29T11:49:34 IST" skipped="0">
  <testcase classname="TestNg_Practice.Sample_ExtentReport" name="openflipkart" time="9.731"/>
  <system-out/>
</testsuite> <!-- TestNg_Practice.Sample_ExtentReport -->
