<?xml version="1.0" encoding="UTF-8"?>
<!-- Generated by org.testng.reporters.JUnitReportReporter -->
<testsuite hostname="DESKTOP-QJCSHIP" failures="0" tests="4" name="TestNg_Practice.flipcart2" time="9.973" errors="0" timestamp="2024-02-29T11:49:34 IST" skipped="0">
  <testcase classname="TestNg_Practice.flipcart2" name="LikeaProduct" time="0.010"/>
  <system-out/>
  <testcase classname="TestNg_Practice.flipcart2" name="buyABook" time="9.956"/>
  <system-out/>
  <testcase classname="TestNg_Practice.flipcart2" name="clickOnHelp" time="0.003"/>
  <system-out/>
  <testcase classname="TestNg_Practice.flipcart2" name="Login" time="0.004"/>
  <system-out/>
</testsuite> <!-- TestNg_Practice.flipcart2 -->
