<?xml version="1.0" encoding="UTF-8"?>
<!-- Generated by org.testng.reporters.JUnitReportReporter -->
<testsuite hostname="DESKTOP-QJCSHIP" failures="0" tests="7" name="TestNg_Practice.flipcart_dataProvider" time="10.333" errors="0" timestamp="2024-02-29T19:00:25 IST" skipped="0">
  <testcase classname="TestNg_Practice.flipcart_dataProvider" name="Login" time="0.003"/>
  <system-out/>
  <testcase classname="TestNg_Practice.flipcart_dataProvider" name="clickOnHelp" time="0.010"/>
  <system-out/>
  <testcase classname="TestNg_Practice.flipcart_dataProvider" name="buyABook" time="10.293"/>
  <system-out/>
  <testcase classname="TestNg_Practice.flipcart_dataProvider" name="Login" time="0.002"/>
  <system-out/>
  <testcase classname="TestNg_Practice.flipcart_dataProvider" name="LikeaProduct" time="0.016"/>
  <system-out/>
  <testcase classname="TestNg_Practice.flipcart_dataProvider" name="Login" time="0.007"/>
  <system-out/>
  <testcase classname="TestNg_Practice.flipcart_dataProvider" name="Login" time="0.002"/>
  <system-out/>
</testsuite> <!-- TestNg_Practice.flipcart_dataProvider -->
